<?xml version="1.0" encoding="UTF-8"?>
<!-- Generated by org.testng.reporters.JUnitReportReporter -->
<testsuite hostname="Huseyins-MacBook-Pro.local" failures="0" tests="4" name="com.prestashop.tests.PshopNegativeLogin" time="57.463" errors="0" timestamp="20 Jun 2018 18:24:54 GMT" skipped="0">
  <testcase classname="com.prestashop.tests.PshopNegativeLogin" name="blankPasswordTest" time="12.657"/>
  <testcase classname="com.prestashop.tests.PshopNegativeLogin" name="blankEmailTest" time="11.604"/>
  <testcase classname="com.prestashop.tests.PshopNegativeLogin" name="wrongCredentials" time="21.011"/>
  <testcase classname="com.prestashop.tests.PshopNegativeLogin" name="invalidEmailTest" time="12.191"/>
</testsuite> <!-- com.prestashop.tests.PshopNegativeLogin -->
