<?xml version="1.0" encoding="UTF-8"?>
<!-- Generated by org.testng.reporters.JUnitReportReporter -->
<testsuite hostname="Huseyins-MacBook-Pro.local" failures="0" tests="1" name="com.prestashop.tests.Pshop" time="28.918" errors="0" timestamp="20 Jun 2018 17:21:23 GMT" skipped="0">
  <testcase classname="com.prestashop.tests.Pshop" name="email" time="28.918"/>
</testsuite> <!-- com.prestashop.tests.Pshop -->
