<?xml version="1.0" encoding="UTF-8"?>
<!-- Generated by org.testng.reporters.JUnitReportReporter -->
<testsuite hostname="Huseyins-MacBook-Pro.local" failures="0" tests="1" name="com.prestashop.tests.PshopPositiveLogin" time="51.252" errors="0" timestamp="20 Jun 2018 22:27:57 GMT" skipped="0">
  <testcase classname="com.prestashop.tests.PshopPositiveLogin" name="positiveChecking" time="51.252"/>
</testsuite> <!-- com.prestashop.tests.PshopPositiveLogin -->
